<?xml version="1.0" encoding="UTF-8"?>
<!-- Generated by org.testng.reporters.JUnitReportReporter -->
<testsuite skipped="0" hostname="sai" name="wfh_day1.day1" tests="1" failures="0" timestamp="23 Mar 2020 10:54:39 GMT" time="16.338" errors="0">
  <testcase name="f" time="16.338" classname="wfh_day1.day1"/>
</testsuite> <!-- wfh_day1.day1 -->
