<?xml version="1.0" encoding="UTF-8"?>
<!-- Generated by org.testng.reporters.JUnitReportReporter -->
<testsuite skipped="0" hostname="sai" name="wfh_day2.winhandle_google" tests="1" failures="0" timestamp="24 Mar 2020 04:30:19 GMT" time="12.572" errors="0">
  <testcase name="f" time="12.572" classname="wfh_day2.winhandle_google"/>
</testsuite> <!-- wfh_day2.winhandle_google -->
