<?xml version="1.0" encoding="UTF-8"?>
<!-- Generated by org.testng.reporters.JUnitReportReporter -->
<testsuite skipped="0" hostname="sai" name="wfh_day2.data_driven" tests="1" failures="0" timestamp="24 Mar 2020 10:01:51 GMT" time="26.640" errors="0">
  <testcase name="f" time="26.640" classname="wfh_day2.data_driven"/>
</testsuite> <!-- wfh_day2.data_driven -->
