<?xml version="1.0" encoding="UTF-8"?>
<!-- Generated by org.testng.reporters.JUnitReportReporter -->
<testsuite skipped="0" hostname="sai" name="wfh_day2.winhandle3" tests="1" failures="0" timestamp="24 Mar 2020 05:13:20 GMT" time="24.222" errors="0">
  <testcase name="f" time="24.222" classname="wfh_day2.winhandle3"/>
</testsuite> <!-- wfh_day2.winhandle3 -->
